mode: set
Backend_trainee_assigment_2025/internal/config/cfg.go:34.54,37.16 3 0
Backend_trainee_assigment_2025/internal/config/cfg.go:37.16,39.3 1 0
Backend_trainee_assigment_2025/internal/config/cfg.go:40.2,41.17 2 0
Backend_trainee_assigment_2025/cmd/main/main.go:8.13,11.49 2 0
Backend_trainee_assigment_2025/cmd/main/main.go:11.49,13.3 1 0
Backend_trainee_assigment_2025/cmd/main/main.go:15.2,15.44 1 0
Backend_trainee_assigment_2025/cmd/main/main.go:15.44,17.3 1 0
Backend_trainee_assigment_2025/cmd/main/main.go:19.2,19.30 1 0
Backend_trainee_assigment_2025/internal/auth/auth.go:17.100,28.16 5 0
Backend_trainee_assigment_2025/internal/auth/auth.go:28.16,30.3 1 0
Backend_trainee_assigment_2025/internal/auth/auth.go:32.2,32.25 1 0
Backend_trainee_assigment_2025/internal/auth/auth.go:35.75,37.101 2 0
Backend_trainee_assigment_2025/internal/auth/auth.go:37.101,38.58 1 0
Backend_trainee_assigment_2025/internal/auth/auth.go:38.58,40.4 1 0
Backend_trainee_assigment_2025/internal/auth/auth.go:41.3,41.32 1 0
Backend_trainee_assigment_2025/internal/auth/auth.go:44.2,44.16 1 0
Backend_trainee_assigment_2025/internal/auth/auth.go:44.16,46.3 1 0
Backend_trainee_assigment_2025/internal/auth/auth.go:48.2,48.18 1 0
Backend_trainee_assigment_2025/internal/auth/auth.go:48.18,50.3 1 0
Backend_trainee_assigment_2025/internal/auth/auth.go:52.2,52.20 1 0
Backend_trainee_assigment_2025/internal/auth/auth.go:55.81,58.101 2 0
Backend_trainee_assigment_2025/internal/auth/auth.go:58.101,59.58 1 0
Backend_trainee_assigment_2025/internal/auth/auth.go:59.58,61.4 1 0
Backend_trainee_assigment_2025/internal/auth/auth.go:62.3,62.32 1 0
Backend_trainee_assigment_2025/internal/auth/auth.go:65.2,65.16 1 0
Backend_trainee_assigment_2025/internal/auth/auth.go:65.16,66.47 1 0
Backend_trainee_assigment_2025/internal/auth/auth.go:66.47,68.4 1 0
Backend_trainee_assigment_2025/internal/auth/auth.go:69.3,69.50 1 0
Backend_trainee_assigment_2025/internal/auth/auth.go:72.2,72.18 1 0
Backend_trainee_assigment_2025/internal/auth/auth.go:72.18,74.3 1 0
Backend_trainee_assigment_2025/internal/auth/auth.go:77.2,77.25 1 0
Backend_trainee_assigment_2025/internal/handlers/handlers.go:16.76,21.2 1 0
Backend_trainee_assigment_2025/internal/handlers/handlers.go:23.73,25.2 1 0
Backend_trainee_assigment_2025/internal/handlers/handlers.go:27.77,32.2 4 0
Backend_trainee_assigment_2025/internal/handlers/product_handler.go:18.82,20.2 1 0
Backend_trainee_assigment_2025/internal/handlers/product_handler.go:22.84,24.69 2 0
Backend_trainee_assigment_2025/internal/handlers/product_handler.go:24.69,27.3 2 0
Backend_trainee_assigment_2025/internal/handlers/product_handler.go:28.2,29.9 2 0
Backend_trainee_assigment_2025/internal/handlers/product_handler.go:29.9,32.3 2 0
Backend_trainee_assigment_2025/internal/handlers/product_handler.go:34.2,35.9 2 0
Backend_trainee_assigment_2025/internal/handlers/product_handler.go:35.9,38.3 2 0
Backend_trainee_assigment_2025/internal/handlers/product_handler.go:39.2,40.16 2 0
Backend_trainee_assigment_2025/internal/handlers/product_handler.go:40.16,43.3 2 0
Backend_trainee_assigment_2025/internal/handlers/product_handler.go:44.2,45.16 2 0
Backend_trainee_assigment_2025/internal/handlers/product_handler.go:45.16,49.3 3 0
Backend_trainee_assigment_2025/internal/handlers/product_handler.go:51.2,51.50 1 0
Backend_trainee_assigment_2025/internal/handlers/product_handler.go:54.91,57.9 3 0
Backend_trainee_assigment_2025/internal/handlers/product_handler.go:57.9,60.3 2 0
Backend_trainee_assigment_2025/internal/handlers/product_handler.go:62.2,63.16 2 0
Backend_trainee_assigment_2025/internal/handlers/product_handler.go:63.16,66.3 2 0
Backend_trainee_assigment_2025/internal/handlers/product_handler.go:68.2,69.16 2 0
Backend_trainee_assigment_2025/internal/handlers/product_handler.go:69.16,73.3 3 0
Backend_trainee_assigment_2025/internal/handlers/product_handler.go:75.2,75.30 1 0
Backend_trainee_assigment_2025/internal/handlers/pvz_handlers.go:20.74,22.2 1 0
Backend_trainee_assigment_2025/internal/handlers/pvz_handlers.go:24.79,26.61 2 0
Backend_trainee_assigment_2025/internal/handlers/pvz_handlers.go:26.61,29.3 2 0
Backend_trainee_assigment_2025/internal/handlers/pvz_handlers.go:31.2,31.129 1 0
Backend_trainee_assigment_2025/internal/handlers/pvz_handlers.go:31.129,34.3 2 0
Backend_trainee_assigment_2025/internal/handlers/pvz_handlers.go:36.2,37.16 2 0
Backend_trainee_assigment_2025/internal/handlers/pvz_handlers.go:37.16,41.3 2 0
Backend_trainee_assigment_2025/internal/handlers/pvz_handlers.go:43.2,43.49 1 0
Backend_trainee_assigment_2025/internal/handlers/pvz_handlers.go:46.77,48.69 2 0
Backend_trainee_assigment_2025/internal/handlers/pvz_handlers.go:48.69,51.3 2 0
Backend_trainee_assigment_2025/internal/handlers/pvz_handlers.go:53.2,57.31 4 0
Backend_trainee_assigment_2025/internal/handlers/pvz_handlers.go:57.31,59.29 2 0
Backend_trainee_assigment_2025/internal/handlers/pvz_handlers.go:59.29,62.4 2 0
Backend_trainee_assigment_2025/internal/handlers/pvz_handlers.go:65.2,65.32 1 0
Backend_trainee_assigment_2025/internal/handlers/pvz_handlers.go:65.32,67.44 2 0
Backend_trainee_assigment_2025/internal/handlers/pvz_handlers.go:67.44,70.4 2 0
Backend_trainee_assigment_2025/internal/handlers/pvz_handlers.go:73.2,77.16 3 0
Backend_trainee_assigment_2025/internal/handlers/pvz_handlers.go:77.16,81.3 3 0
Backend_trainee_assigment_2025/internal/handlers/pvz_handlers.go:83.2,83.51 1 0
Backend_trainee_assigment_2025/internal/handlers/reception_handler.go:19.86,21.2 1 0
Backend_trainee_assigment_2025/internal/handlers/reception_handler.go:23.91,25.69 2 0
Backend_trainee_assigment_2025/internal/handlers/reception_handler.go:25.69,28.3 2 0
Backend_trainee_assigment_2025/internal/handlers/reception_handler.go:30.2,31.9 2 0
Backend_trainee_assigment_2025/internal/handlers/reception_handler.go:31.9,34.3 2 0
Backend_trainee_assigment_2025/internal/handlers/reception_handler.go:36.2,37.16 2 0
Backend_trainee_assigment_2025/internal/handlers/reception_handler.go:37.16,40.3 2 0
Backend_trainee_assigment_2025/internal/handlers/reception_handler.go:42.2,44.16 3 0
Backend_trainee_assigment_2025/internal/handlers/reception_handler.go:44.16,48.3 3 0
Backend_trainee_assigment_2025/internal/handlers/reception_handler.go:49.2,49.37 1 0
Backend_trainee_assigment_2025/internal/handlers/reception_handler.go:49.37,52.3 2 0
Backend_trainee_assigment_2025/internal/handlers/reception_handler.go:54.2,54.55 1 0
Backend_trainee_assigment_2025/internal/handlers/reception_handler.go:57.94,60.9 3 0
Backend_trainee_assigment_2025/internal/handlers/reception_handler.go:60.9,63.3 2 0
Backend_trainee_assigment_2025/internal/handlers/reception_handler.go:65.2,66.16 2 0
Backend_trainee_assigment_2025/internal/handlers/reception_handler.go:66.16,69.3 2 0
Backend_trainee_assigment_2025/internal/handlers/reception_handler.go:71.2,72.41 2 0
Backend_trainee_assigment_2025/internal/handlers/reception_handler.go:72.41,75.3 2 0
Backend_trainee_assigment_2025/internal/handlers/reception_handler.go:77.2,77.16 1 0
Backend_trainee_assigment_2025/internal/handlers/reception_handler.go:77.16,80.3 2 0
Backend_trainee_assigment_2025/internal/handlers/reception_handler.go:81.2,82.54 2 0
Backend_trainee_assigment_2025/internal/handlers/user_handlers.go:18.76,20.2 1 0
Backend_trainee_assigment_2025/internal/handlers/user_handlers.go:22.81,25.53 3 0
Backend_trainee_assigment_2025/internal/handlers/user_handlers.go:25.53,28.3 2 0
Backend_trainee_assigment_2025/internal/handlers/user_handlers.go:29.2,30.47 2 0
Backend_trainee_assigment_2025/internal/handlers/user_handlers.go:30.47,33.3 2 0
Backend_trainee_assigment_2025/internal/handlers/user_handlers.go:35.2,38.16 3 0
Backend_trainee_assigment_2025/internal/handlers/user_handlers.go:38.16,41.3 2 0
Backend_trainee_assigment_2025/internal/handlers/user_handlers.go:42.2,42.71 1 0
Backend_trainee_assigment_2025/internal/handlers/user_handlers.go:45.79,47.62 2 0
Backend_trainee_assigment_2025/internal/handlers/user_handlers.go:47.62,50.3 2 0
Backend_trainee_assigment_2025/internal/handlers/user_handlers.go:52.2,52.64 1 0
Backend_trainee_assigment_2025/internal/handlers/user_handlers.go:52.64,55.3 2 0
Backend_trainee_assigment_2025/internal/handlers/user_handlers.go:56.2,57.16 2 0
Backend_trainee_assigment_2025/internal/handlers/user_handlers.go:57.16,60.3 2 0
Backend_trainee_assigment_2025/internal/handlers/user_handlers.go:61.2,61.50 1 0
Backend_trainee_assigment_2025/internal/handlers/user_handlers.go:64.76,66.62 2 0
Backend_trainee_assigment_2025/internal/handlers/user_handlers.go:66.62,69.3 2 0
Backend_trainee_assigment_2025/internal/handlers/user_handlers.go:70.2,70.45 1 0
Backend_trainee_assigment_2025/internal/handlers/user_handlers.go:70.45,73.3 2 0
Backend_trainee_assigment_2025/internal/handlers/user_handlers.go:74.2,75.16 2 0
Backend_trainee_assigment_2025/internal/handlers/user_handlers.go:75.16,78.3 2 0
Backend_trainee_assigment_2025/internal/handlers/user_handlers.go:79.2,83.16 4 0
Backend_trainee_assigment_2025/internal/handlers/user_handlers.go:83.16,86.3 2 0
Backend_trainee_assigment_2025/internal/handlers/user_handlers.go:88.2,88.71 1 0
Backend_trainee_assigment_2025/internal/app/app.go:29.20,31.2 1 0
Backend_trainee_assigment_2025/internal/app/app.go:33.36,35.16 2 0
Backend_trainee_assigment_2025/internal/app/app.go:35.16,37.3 1 0
Backend_trainee_assigment_2025/internal/app/app.go:38.2,40.16 3 0
Backend_trainee_assigment_2025/internal/app/app.go:40.16,42.3 1 0
Backend_trainee_assigment_2025/internal/app/app.go:43.2,51.12 5 0
Backend_trainee_assigment_2025/internal/app/app.go:54.30,56.9 2 0
Backend_trainee_assigment_2025/internal/app/app.go:56.9,58.3 1 0
Backend_trainee_assigment_2025/internal/app/app.go:60.2,80.125 14 0
Backend_trainee_assigment_2025/internal/app/app.go:83.31,84.12 1 0
Backend_trainee_assigment_2025/internal/app/app.go:84.12,86.88 2 0
Backend_trainee_assigment_2025/internal/app/app.go:86.88,88.4 1 0
Backend_trainee_assigment_2025/internal/app/app.go:91.2,100.53 7 0
Backend_trainee_assigment_2025/internal/app/app.go:100.53,102.3 1 0
Backend_trainee_assigment_2025/internal/app/app.go:104.2,105.12 2 0
Backend_trainee_assigment_2025/internal/app/app.go:108.96,109.54 1 0
Backend_trainee_assigment_2025/internal/app/app.go:109.54,111.24 2 0
Backend_trainee_assigment_2025/internal/app/app.go:111.24,114.4 2 0
Backend_trainee_assigment_2025/internal/app/app.go:116.3,117.63 2 0
Backend_trainee_assigment_2025/internal/app/app.go:117.63,120.4 2 0
Backend_trainee_assigment_2025/internal/app/app.go:121.3,124.17 3 0
Backend_trainee_assigment_2025/internal/app/app.go:124.17,127.4 2 0
Backend_trainee_assigment_2025/internal/app/app.go:129.3,129.37 1 0
Backend_trainee_assigment_2025/internal/app/app.go:129.37,132.4 2 0
Backend_trainee_assigment_2025/internal/app/app.go:134.3,134.23 1 0
Backend_trainee_assigment_2025/internal/app/app.go:138.54,140.29 1 0
Backend_trainee_assigment_2025/internal/app/app.go:140.29,141.23 1 0
Backend_trainee_assigment_2025/internal/app/app.go:141.23,143.4 1 0
Backend_trainee_assigment_2025/internal/app/app.go:145.2,145.14 1 0
Backend_trainee_assigment_2025/internal/app/app.go:148.72,153.2 4 0
Backend_trainee_assigment_2025/internal/db/ItemDB.go:10.109,26.16 4 0
Backend_trainee_assigment_2025/internal/db/ItemDB.go:26.16,28.3 1 0
Backend_trainee_assigment_2025/internal/db/ItemDB.go:29.2,29.19 1 0
Backend_trainee_assigment_2025/internal/db/ItemDB.go:32.71,36.16 4 0
Backend_trainee_assigment_2025/internal/db/ItemDB.go:36.16,38.3 1 0
Backend_trainee_assigment_2025/internal/db/ItemDB.go:39.2,40.18 2 0
Backend_trainee_assigment_2025/internal/db/ItemDB.go:40.18,43.17 3 0
Backend_trainee_assigment_2025/internal/db/ItemDB.go:43.17,45.4 1 0
Backend_trainee_assigment_2025/internal/db/ItemDB.go:46.3,46.25 1 0
Backend_trainee_assigment_2025/internal/db/ItemDB.go:48.2,48.18 1 0
Backend_trainee_assigment_2025/internal/db/ItemDB.go:51.77,76.16 3 0
Backend_trainee_assigment_2025/internal/db/ItemDB.go:76.16,78.3 1 0
Backend_trainee_assigment_2025/internal/db/ItemDB.go:79.2,80.16 2 0
Backend_trainee_assigment_2025/internal/db/ItemDB.go:80.16,82.3 1 0
Backend_trainee_assigment_2025/internal/db/ItemDB.go:84.2,84.17 1 0
Backend_trainee_assigment_2025/internal/db/ItemDB.go:84.17,86.3 1 0
Backend_trainee_assigment_2025/internal/db/ItemDB.go:88.2,88.12 1 0
Backend_trainee_assigment_2025/internal/db/PVZDB.go:13.83,18.16 5 0
Backend_trainee_assigment_2025/internal/db/PVZDB.go:18.16,20.3 1 0
Backend_trainee_assigment_2025/internal/db/PVZDB.go:22.2,22.16 1 0
Backend_trainee_assigment_2025/internal/db/PVZDB.go:22.16,24.3 1 0
Backend_trainee_assigment_2025/internal/db/PVZDB.go:25.2,26.19 2 0
Backend_trainee_assigment_2025/internal/db/PVZDB.go:29.141,45.16 5 0
Backend_trainee_assigment_2025/internal/db/PVZDB.go:45.16,47.3 1 0
Backend_trainee_assigment_2025/internal/db/PVZDB.go:48.2,51.18 3 0
Backend_trainee_assigment_2025/internal/db/PVZDB.go:51.18,63.17 12 0
Backend_trainee_assigment_2025/internal/db/PVZDB.go:63.17,65.4 1 0
Backend_trainee_assigment_2025/internal/db/PVZDB.go:67.3,67.34 1 0
Backend_trainee_assigment_2025/internal/db/PVZDB.go:67.34,76.4 1 0
Backend_trainee_assigment_2025/internal/db/PVZDB.go:78.3,78.24 1 0
Backend_trainee_assigment_2025/internal/db/PVZDB.go:78.24,80.18 2 0
Backend_trainee_assigment_2025/internal/db/PVZDB.go:80.18,82.5 1 0
Backend_trainee_assigment_2025/internal/db/PVZDB.go:83.4,85.44 3 0
Backend_trainee_assigment_2025/internal/db/PVZDB.go:85.44,86.66 1 0
Backend_trainee_assigment_2025/internal/db/PVZDB.go:86.66,89.11 3 0
Backend_trainee_assigment_2025/internal/db/PVZDB.go:92.4,92.23 1 0
Backend_trainee_assigment_2025/internal/db/PVZDB.go:92.23,102.5 2 0
Backend_trainee_assigment_2025/internal/db/PVZDB.go:104.4,104.23 1 0
Backend_trainee_assigment_2025/internal/db/PVZDB.go:104.23,106.19 2 0
Backend_trainee_assigment_2025/internal/db/PVZDB.go:106.19,108.14 2 0
Backend_trainee_assigment_2025/internal/db/PVZDB.go:110.5,116.69 2 0
Backend_trainee_assigment_2025/internal/db/PVZDB.go:120.2,120.34 1 0
Backend_trainee_assigment_2025/internal/db/PVZDB.go:120.34,122.3 1 0
Backend_trainee_assigment_2025/internal/db/PVZDB.go:123.2,124.33 2 0
Backend_trainee_assigment_2025/internal/db/PVZDB.go:124.33,126.3 1 0
Backend_trainee_assigment_2025/internal/db/PVZDB.go:128.2,128.22 1 0
Backend_trainee_assigment_2025/internal/db/Receiption.go:11.93,18.36 7 0
Backend_trainee_assigment_2025/internal/db/Receiption.go:18.36,20.3 1 0
Backend_trainee_assigment_2025/internal/db/Receiption.go:21.2,25.16 3 0
Backend_trainee_assigment_2025/internal/db/Receiption.go:25.16,27.3 1 0
Backend_trainee_assigment_2025/internal/db/Receiption.go:28.2,29.19 2 0
Backend_trainee_assigment_2025/internal/db/Receiption.go:32.98,37.20 5 0
Backend_trainee_assigment_2025/internal/db/Receiption.go:37.20,39.3 1 0
Backend_trainee_assigment_2025/internal/db/Receiption.go:40.2,40.16 1 0
Backend_trainee_assigment_2025/internal/db/Receiption.go:40.16,42.3 1 0
Backend_trainee_assigment_2025/internal/db/Receiption.go:43.2,44.19 2 0
Backend_trainee_assigment_2025/internal/db/UserDB.go:10.97,14.16 4 0
Backend_trainee_assigment_2025/internal/db/UserDB.go:14.16,16.3 1 0
Backend_trainee_assigment_2025/internal/db/UserDB.go:17.2,18.23 2 0
Backend_trainee_assigment_2025/internal/db/UserDB.go:21.95,26.16 5 0
Backend_trainee_assigment_2025/internal/db/UserDB.go:26.16,28.3 1 0
Backend_trainee_assigment_2025/internal/db/UserDB.go:29.2,29.23 1 0
Backend_trainee_assigment_2025/internal/db/db.go:33.65,37.16 3 0
Backend_trainee_assigment_2025/internal/db/db.go:37.16,39.3 1 0
Backend_trainee_assigment_2025/internal/db/db.go:40.2,40.38 1 0
Backend_trainee_assigment_2025/internal/db/db.go:40.38,42.3 1 0
Backend_trainee_assigment_2025/internal/db/db.go:43.2,43.30 1 0
Backend_trainee_assigment_2025/internal/auth/auth.go:17.100,28.16 5 1
Backend_trainee_assigment_2025/internal/auth/auth.go:28.16,30.3 1 0
Backend_trainee_assigment_2025/internal/auth/auth.go:32.2,32.25 1 1
Backend_trainee_assigment_2025/internal/auth/auth.go:35.75,37.101 2 0
Backend_trainee_assigment_2025/internal/auth/auth.go:37.101,38.58 1 0
Backend_trainee_assigment_2025/internal/auth/auth.go:38.58,40.4 1 0
Backend_trainee_assigment_2025/internal/auth/auth.go:41.3,41.32 1 0
Backend_trainee_assigment_2025/internal/auth/auth.go:44.2,44.16 1 0
Backend_trainee_assigment_2025/internal/auth/auth.go:44.16,46.3 1 0
Backend_trainee_assigment_2025/internal/auth/auth.go:48.2,48.18 1 0
Backend_trainee_assigment_2025/internal/auth/auth.go:48.18,50.3 1 0
Backend_trainee_assigment_2025/internal/auth/auth.go:52.2,52.20 1 0
Backend_trainee_assigment_2025/internal/auth/auth.go:55.81,58.101 2 0
Backend_trainee_assigment_2025/internal/auth/auth.go:58.101,59.58 1 0
Backend_trainee_assigment_2025/internal/auth/auth.go:59.58,61.4 1 0
Backend_trainee_assigment_2025/internal/auth/auth.go:62.3,62.32 1 0
Backend_trainee_assigment_2025/internal/auth/auth.go:65.2,65.16 1 0
Backend_trainee_assigment_2025/internal/auth/auth.go:65.16,66.47 1 0
Backend_trainee_assigment_2025/internal/auth/auth.go:66.47,68.4 1 0
Backend_trainee_assigment_2025/internal/auth/auth.go:69.3,69.50 1 0
Backend_trainee_assigment_2025/internal/auth/auth.go:72.2,72.18 1 0
Backend_trainee_assigment_2025/internal/auth/auth.go:72.18,74.3 1 0
Backend_trainee_assigment_2025/internal/auth/auth.go:77.2,77.25 1 0
Backend_trainee_assigment_2025/internal/config/cfg.go:34.54,37.16 3 0
Backend_trainee_assigment_2025/internal/config/cfg.go:37.16,39.3 1 0
Backend_trainee_assigment_2025/internal/config/cfg.go:40.2,41.17 2 0
Backend_trainee_assigment_2025/internal/db/ItemDB.go:10.109,26.16 4 0
Backend_trainee_assigment_2025/internal/db/ItemDB.go:26.16,28.3 1 0
Backend_trainee_assigment_2025/internal/db/ItemDB.go:29.2,29.19 1 0
Backend_trainee_assigment_2025/internal/db/ItemDB.go:32.71,36.16 4 0
Backend_trainee_assigment_2025/internal/db/ItemDB.go:36.16,38.3 1 0
Backend_trainee_assigment_2025/internal/db/ItemDB.go:39.2,40.18 2 0
Backend_trainee_assigment_2025/internal/db/ItemDB.go:40.18,43.17 3 0
Backend_trainee_assigment_2025/internal/db/ItemDB.go:43.17,45.4 1 0
Backend_trainee_assigment_2025/internal/db/ItemDB.go:46.3,46.25 1 0
Backend_trainee_assigment_2025/internal/db/ItemDB.go:48.2,48.18 1 0
Backend_trainee_assigment_2025/internal/db/ItemDB.go:51.77,76.16 3 0
Backend_trainee_assigment_2025/internal/db/ItemDB.go:76.16,78.3 1 0
Backend_trainee_assigment_2025/internal/db/ItemDB.go:79.2,80.16 2 0
Backend_trainee_assigment_2025/internal/db/ItemDB.go:80.16,82.3 1 0
Backend_trainee_assigment_2025/internal/db/ItemDB.go:84.2,84.17 1 0
Backend_trainee_assigment_2025/internal/db/ItemDB.go:84.17,86.3 1 0
Backend_trainee_assigment_2025/internal/db/ItemDB.go:88.2,88.12 1 0
Backend_trainee_assigment_2025/internal/db/PVZDB.go:13.83,18.16 5 0
Backend_trainee_assigment_2025/internal/db/PVZDB.go:18.16,20.3 1 0
Backend_trainee_assigment_2025/internal/db/PVZDB.go:22.2,22.16 1 0
Backend_trainee_assigment_2025/internal/db/PVZDB.go:22.16,24.3 1 0
Backend_trainee_assigment_2025/internal/db/PVZDB.go:25.2,26.19 2 0
Backend_trainee_assigment_2025/internal/db/PVZDB.go:29.141,45.16 5 0
Backend_trainee_assigment_2025/internal/db/PVZDB.go:45.16,47.3 1 0
Backend_trainee_assigment_2025/internal/db/PVZDB.go:48.2,51.18 3 0
Backend_trainee_assigment_2025/internal/db/PVZDB.go:51.18,63.17 12 0
Backend_trainee_assigment_2025/internal/db/PVZDB.go:63.17,65.4 1 0
Backend_trainee_assigment_2025/internal/db/PVZDB.go:67.3,67.34 1 0
Backend_trainee_assigment_2025/internal/db/PVZDB.go:67.34,76.4 1 0
Backend_trainee_assigment_2025/internal/db/PVZDB.go:78.3,78.24 1 0
Backend_trainee_assigment_2025/internal/db/PVZDB.go:78.24,80.18 2 0
Backend_trainee_assigment_2025/internal/db/PVZDB.go:80.18,82.5 1 0
Backend_trainee_assigment_2025/internal/db/PVZDB.go:83.4,85.44 3 0
Backend_trainee_assigment_2025/internal/db/PVZDB.go:85.44,86.66 1 0
Backend_trainee_assigment_2025/internal/db/PVZDB.go:86.66,89.11 3 0
Backend_trainee_assigment_2025/internal/db/PVZDB.go:92.4,92.23 1 0
Backend_trainee_assigment_2025/internal/db/PVZDB.go:92.23,102.5 2 0
Backend_trainee_assigment_2025/internal/db/PVZDB.go:104.4,104.23 1 0
Backend_trainee_assigment_2025/internal/db/PVZDB.go:104.23,106.19 2 0
Backend_trainee_assigment_2025/internal/db/PVZDB.go:106.19,108.14 2 0
Backend_trainee_assigment_2025/internal/db/PVZDB.go:110.5,116.69 2 0
Backend_trainee_assigment_2025/internal/db/PVZDB.go:120.2,120.34 1 0
Backend_trainee_assigment_2025/internal/db/PVZDB.go:120.34,122.3 1 0
Backend_trainee_assigment_2025/internal/db/PVZDB.go:123.2,124.33 2 0
Backend_trainee_assigment_2025/internal/db/PVZDB.go:124.33,126.3 1 0
Backend_trainee_assigment_2025/internal/db/PVZDB.go:128.2,128.22 1 0
Backend_trainee_assigment_2025/internal/db/Receiption.go:11.93,18.36 7 0
Backend_trainee_assigment_2025/internal/db/Receiption.go:18.36,20.3 1 0
Backend_trainee_assigment_2025/internal/db/Receiption.go:21.2,25.16 3 0
Backend_trainee_assigment_2025/internal/db/Receiption.go:25.16,27.3 1 0
Backend_trainee_assigment_2025/internal/db/Receiption.go:28.2,29.19 2 0
Backend_trainee_assigment_2025/internal/db/Receiption.go:32.98,37.20 5 0
Backend_trainee_assigment_2025/internal/db/Receiption.go:37.20,39.3 1 0
Backend_trainee_assigment_2025/internal/db/Receiption.go:40.2,40.16 1 0
Backend_trainee_assigment_2025/internal/db/Receiption.go:40.16,42.3 1 0
Backend_trainee_assigment_2025/internal/db/Receiption.go:43.2,44.19 2 0
Backend_trainee_assigment_2025/internal/db/UserDB.go:10.97,14.16 4 0
Backend_trainee_assigment_2025/internal/db/UserDB.go:14.16,16.3 1 0
Backend_trainee_assigment_2025/internal/db/UserDB.go:17.2,18.23 2 0
Backend_trainee_assigment_2025/internal/db/UserDB.go:21.95,26.16 5 0
Backend_trainee_assigment_2025/internal/db/UserDB.go:26.16,28.3 1 0
Backend_trainee_assigment_2025/internal/db/UserDB.go:29.2,29.23 1 0
Backend_trainee_assigment_2025/internal/db/db.go:33.65,37.16 3 0
Backend_trainee_assigment_2025/internal/db/db.go:37.16,39.3 1 0
Backend_trainee_assigment_2025/internal/db/db.go:40.2,40.38 1 0
Backend_trainee_assigment_2025/internal/db/db.go:40.38,42.3 1 0
Backend_trainee_assigment_2025/internal/db/db.go:43.2,43.30 1 0
Backend_trainee_assigment_2025/internal/handlers/handlers.go:16.76,21.2 1 0
Backend_trainee_assigment_2025/internal/handlers/handlers.go:23.73,25.2 1 0
Backend_trainee_assigment_2025/internal/handlers/handlers.go:27.77,32.2 4 1
Backend_trainee_assigment_2025/internal/handlers/product_handler.go:18.82,20.2 1 1
Backend_trainee_assigment_2025/internal/handlers/product_handler.go:22.84,24.69 2 1
Backend_trainee_assigment_2025/internal/handlers/product_handler.go:24.69,27.3 2 0
Backend_trainee_assigment_2025/internal/handlers/product_handler.go:28.2,29.9 2 1
Backend_trainee_assigment_2025/internal/handlers/product_handler.go:29.9,32.3 2 0
Backend_trainee_assigment_2025/internal/handlers/product_handler.go:34.2,35.9 2 1
Backend_trainee_assigment_2025/internal/handlers/product_handler.go:35.9,38.3 2 0
Backend_trainee_assigment_2025/internal/handlers/product_handler.go:39.2,40.16 2 1
Backend_trainee_assigment_2025/internal/handlers/product_handler.go:40.16,43.3 2 0
Backend_trainee_assigment_2025/internal/handlers/product_handler.go:44.2,45.16 2 1
Backend_trainee_assigment_2025/internal/handlers/product_handler.go:45.16,49.3 3 0
Backend_trainee_assigment_2025/internal/handlers/product_handler.go:51.2,51.50 1 1
Backend_trainee_assigment_2025/internal/handlers/product_handler.go:54.91,57.9 3 1
Backend_trainee_assigment_2025/internal/handlers/product_handler.go:57.9,60.3 2 0
Backend_trainee_assigment_2025/internal/handlers/product_handler.go:62.2,63.16 2 1
Backend_trainee_assigment_2025/internal/handlers/product_handler.go:63.16,66.3 2 0
Backend_trainee_assigment_2025/internal/handlers/product_handler.go:68.2,69.16 2 1
Backend_trainee_assigment_2025/internal/handlers/product_handler.go:69.16,73.3 3 0
Backend_trainee_assigment_2025/internal/handlers/product_handler.go:75.2,75.30 1 1
Backend_trainee_assigment_2025/internal/handlers/pvz_handlers.go:20.74,22.2 1 1
Backend_trainee_assigment_2025/internal/handlers/pvz_handlers.go:24.79,26.61 2 1
Backend_trainee_assigment_2025/internal/handlers/pvz_handlers.go:26.61,29.3 2 0
Backend_trainee_assigment_2025/internal/handlers/pvz_handlers.go:31.2,31.129 1 1
Backend_trainee_assigment_2025/internal/handlers/pvz_handlers.go:31.129,34.3 2 0
Backend_trainee_assigment_2025/internal/handlers/pvz_handlers.go:36.2,37.16 2 1
Backend_trainee_assigment_2025/internal/handlers/pvz_handlers.go:37.16,41.3 2 0
Backend_trainee_assigment_2025/internal/handlers/pvz_handlers.go:43.2,43.49 1 1
Backend_trainee_assigment_2025/internal/handlers/pvz_handlers.go:46.77,48.69 2 1
Backend_trainee_assigment_2025/internal/handlers/pvz_handlers.go:48.69,51.3 2 0
Backend_trainee_assigment_2025/internal/handlers/pvz_handlers.go:53.2,57.31 4 1
Backend_trainee_assigment_2025/internal/handlers/pvz_handlers.go:57.31,59.29 2 1
Backend_trainee_assigment_2025/internal/handlers/pvz_handlers.go:59.29,62.4 2 0
Backend_trainee_assigment_2025/internal/handlers/pvz_handlers.go:65.2,65.32 1 1
Backend_trainee_assigment_2025/internal/handlers/pvz_handlers.go:65.32,67.44 2 1
Backend_trainee_assigment_2025/internal/handlers/pvz_handlers.go:67.44,70.4 2 0
Backend_trainee_assigment_2025/internal/handlers/pvz_handlers.go:73.2,77.16 3 1
Backend_trainee_assigment_2025/internal/handlers/pvz_handlers.go:77.16,81.3 3 0
Backend_trainee_assigment_2025/internal/handlers/pvz_handlers.go:83.2,83.51 1 1
Backend_trainee_assigment_2025/internal/handlers/reception_handler.go:19.86,21.2 1 1
Backend_trainee_assigment_2025/internal/handlers/reception_handler.go:23.91,25.69 2 1
Backend_trainee_assigment_2025/internal/handlers/reception_handler.go:25.69,28.3 2 0
Backend_trainee_assigment_2025/internal/handlers/reception_handler.go:30.2,31.9 2 1
Backend_trainee_assigment_2025/internal/handlers/reception_handler.go:31.9,34.3 2 0
Backend_trainee_assigment_2025/internal/handlers/reception_handler.go:36.2,37.16 2 1
Backend_trainee_assigment_2025/internal/handlers/reception_handler.go:37.16,40.3 2 0
Backend_trainee_assigment_2025/internal/handlers/reception_handler.go:42.2,44.16 3 1
Backend_trainee_assigment_2025/internal/handlers/reception_handler.go:44.16,48.3 3 0
Backend_trainee_assigment_2025/internal/handlers/reception_handler.go:49.2,49.37 1 1
Backend_trainee_assigment_2025/internal/handlers/reception_handler.go:49.37,52.3 2 0
Backend_trainee_assigment_2025/internal/handlers/reception_handler.go:54.2,54.55 1 1
Backend_trainee_assigment_2025/internal/handlers/reception_handler.go:57.94,60.9 3 1
Backend_trainee_assigment_2025/internal/handlers/reception_handler.go:60.9,63.3 2 0
Backend_trainee_assigment_2025/internal/handlers/reception_handler.go:65.2,66.16 2 1
Backend_trainee_assigment_2025/internal/handlers/reception_handler.go:66.16,69.3 2 0
Backend_trainee_assigment_2025/internal/handlers/reception_handler.go:71.2,72.41 2 1
Backend_trainee_assigment_2025/internal/handlers/reception_handler.go:72.41,75.3 2 0
Backend_trainee_assigment_2025/internal/handlers/reception_handler.go:77.2,77.16 1 1
Backend_trainee_assigment_2025/internal/handlers/reception_handler.go:77.16,80.3 2 0
Backend_trainee_assigment_2025/internal/handlers/reception_handler.go:81.2,82.54 2 1
Backend_trainee_assigment_2025/internal/handlers/user_handlers.go:18.76,20.2 1 1
Backend_trainee_assigment_2025/internal/handlers/user_handlers.go:22.81,25.53 3 1
Backend_trainee_assigment_2025/internal/handlers/user_handlers.go:25.53,28.3 2 0
Backend_trainee_assigment_2025/internal/handlers/user_handlers.go:29.2,30.47 2 1
Backend_trainee_assigment_2025/internal/handlers/user_handlers.go:30.47,33.3 2 0
Backend_trainee_assigment_2025/internal/handlers/user_handlers.go:35.2,38.16 3 1
Backend_trainee_assigment_2025/internal/handlers/user_handlers.go:38.16,41.3 2 0
Backend_trainee_assigment_2025/internal/handlers/user_handlers.go:42.2,42.71 1 1
Backend_trainee_assigment_2025/internal/handlers/user_handlers.go:45.79,47.62 2 1
Backend_trainee_assigment_2025/internal/handlers/user_handlers.go:47.62,50.3 2 0
Backend_trainee_assigment_2025/internal/handlers/user_handlers.go:52.2,52.64 1 1
Backend_trainee_assigment_2025/internal/handlers/user_handlers.go:52.64,55.3 2 0
Backend_trainee_assigment_2025/internal/handlers/user_handlers.go:56.2,57.16 2 1
Backend_trainee_assigment_2025/internal/handlers/user_handlers.go:57.16,60.3 2 0
Backend_trainee_assigment_2025/internal/handlers/user_handlers.go:61.2,61.50 1 1
Backend_trainee_assigment_2025/internal/handlers/user_handlers.go:64.76,66.62 2 1
Backend_trainee_assigment_2025/internal/handlers/user_handlers.go:66.62,69.3 2 0
Backend_trainee_assigment_2025/internal/handlers/user_handlers.go:70.2,70.45 1 1
Backend_trainee_assigment_2025/internal/handlers/user_handlers.go:70.45,73.3 2 0
Backend_trainee_assigment_2025/internal/handlers/user_handlers.go:74.2,75.16 2 1
Backend_trainee_assigment_2025/internal/handlers/user_handlers.go:75.16,78.3 2 0
Backend_trainee_assigment_2025/internal/handlers/user_handlers.go:79.2,83.16 4 1
Backend_trainee_assigment_2025/internal/handlers/user_handlers.go:83.16,86.3 2 0
Backend_trainee_assigment_2025/internal/handlers/user_handlers.go:88.2,88.71 1 1
